[2020-11-04 17:51:46]  ----- BEGIN -----
[2020-11-04 17:51:46]  Old version 
[2020-11-05 01:50:07]  ----- BEGIN -----
[2020-11-05 01:50:07]  Old version 1.9.7
[2020-11-05 01:50:07]  Store plugin version 1.9.7
[2020-11-05 01:50:07]  ----- END -----

[2020-11-05 15:54:32]  ----- BEGIN -----
[2020-11-05 15:54:32]  Old version 1.9.7
[2020-11-05 15:54:32]  Store plugin version 1.9.7
[2020-11-05 15:54:32]  ----- END -----

[2020-11-05 16:19:08]  ----- BEGIN -----
[2020-11-05 16:19:08]  Old version 1.9.7
[2020-11-05 16:19:08]  Store plugin version 1.9.7
[2020-11-05 16:19:08]  ----- END -----

[2020-11-05 16:20:09]  ----- BEGIN -----
[2020-11-05 16:20:09]  Old version 1.9.7
[2020-11-05 16:20:09]  Store plugin version 1.9.7
[2020-11-05 16:20:09]  ----- END -----

[2020-11-06 00:26:09]  ----- BEGIN -----
[2020-11-06 00:26:09]  Old version 1.9.7
[2020-11-06 00:26:09]  Store plugin version 1.9.7
[2020-11-06 00:26:09]  ----- END -----

[2020-11-06 00:26:15]  ----- BEGIN -----
[2020-11-06 00:26:15]  Old version 1.9.7
[2020-11-06 00:26:15]  Store plugin version 1.9.7
[2020-11-06 00:26:15]  ----- END -----

[2020-11-06 02:19:38]  ----- BEGIN -----
[2020-11-06 02:19:38]  Old version 1.9.7
[2020-11-06 02:19:38]  Store plugin version 1.9.7
[2020-11-06 02:19:38]  ----- END -----

[2020-11-08 02:43:54]  ----- BEGIN -----
[2020-11-08 02:43:54]  Old version 1.9.7
[2020-11-08 02:43:54]  Store plugin version 1.9.7
[2020-11-08 02:43:54]  ----- END -----

[2020-11-08 15:01:59]  ----- BEGIN -----
[2020-11-08 15:01:59]  Old version 1.9.7
[2020-11-08 15:01:59]  Store plugin version 1.9.7
[2020-11-08 15:01:59]  ----- END -----

[2020-11-09 01:11:14]  ----- BEGIN -----
[2020-11-09 01:11:14]  Old version 1.9.7
[2020-11-09 01:11:14]  Store plugin version 1.9.7
[2020-11-09 01:11:14]  ----- END -----

[2020-11-09 01:11:19]  ----- BEGIN -----
[2020-11-09 01:11:19]  Old version 1.9.7
[2020-11-09 01:11:19]  Store plugin version 1.9.7
[2020-11-09 01:11:19]  ----- END -----

[2020-11-09 02:40:39]  ----- BEGIN -----
[2020-11-09 02:40:39]  Old version 1.9.7
[2020-11-09 02:40:39]  Store plugin version 1.9.7
[2020-11-09 02:40:39]  ----- END -----

[2020-11-09 02:40:41]  ----- BEGIN -----
[2020-11-09 02:40:41]  Old version 1.9.7
[2020-11-09 02:40:41]  Store plugin version 1.9.7
[2020-11-09 02:40:41]  ----- END -----

[2020-11-09 02:50:04]  ----- BEGIN -----
[2020-11-09 02:50:04]  Old version 1.9.7
[2020-11-09 02:50:04]  Store plugin version 1.9.7
[2020-11-09 02:50:04]  ----- END -----

[2020-11-09 19:13:14]  ----- BEGIN -----
[2020-11-09 19:13:14]  Old version 1.9.7
[2020-11-09 19:13:14]  Store plugin version 1.9.7
[2020-11-09 19:13:14]  ----- END -----

[2020-11-10 19:45:03]  ----- BEGIN -----
[2020-11-10 19:45:03]  Old version 1.9.7
[2020-11-10 19:45:03]  Store plugin version 1.9.7
[2020-11-10 19:45:03]  ----- END -----

[2020-11-11 02:45:37]  ----- BEGIN -----
[2020-11-11 02:45:37]  Old version 1.9.7
[2020-11-11 02:45:37]  Store plugin version 1.9.7
[2020-11-11 02:45:37]  ----- END -----

[2020-11-28 12:31:22]  ----- BEGIN -----
[2020-11-28 12:31:22]  Old version 1.9.7
[2020-11-28 12:31:23]  Store plugin version 1.9.7
[2020-11-28 12:31:23]  ----- END -----

[2020-11-28 12:31:37]  ----- BEGIN -----
[2020-11-28 12:31:37]  Old version 1.9.7
[2020-11-28 12:31:37]  Store plugin version 1.9.7
[2020-11-28 12:31:37]  ----- END -----

[2020-11-28 12:35:39]  ----- BEGIN -----
[2020-11-28 12:35:39]  Old version 1.9.7
[2020-11-28 12:35:39]  Store plugin version 1.9.7
[2020-11-28 12:35:39]  ----- END -----

[2020-11-28 12:36:17]  ----- BEGIN -----
[2020-11-28 12:36:17]  Old version 1.9.7
[2020-11-28 12:36:17]  Store plugin version 1.9.7
[2020-11-28 12:36:17]  ----- END -----

[2020-11-28 12:40:44]  ----- BEGIN -----
[2020-11-28 12:40:44]  Old version 1.9.7
[2020-11-28 12:40:44]  Store plugin version 1.9.7
[2020-11-28 12:40:45]  ----- END -----

[2020-11-28 12:41:35]  ----- BEGIN -----
[2020-11-28 12:41:35]  Old version 1.9.7
[2020-11-28 12:41:35]  Store plugin version 1.9.7
[2020-11-28 12:41:35]  ----- END -----

[2020-12-02 13:58:35]  ----- BEGIN -----
[2020-12-02 13:58:35]  Old version 1.9.7
[2020-12-02 13:58:36]  Store plugin version 1.9.7
[2020-12-02 13:58:36]  ----- END -----

[2020-12-10 14:16:42]  ----- BEGIN -----
[2020-12-10 14:16:42]  Old version 1.9.7
[2020-12-10 14:16:42]  Store plugin version 1.9.7
[2020-12-10 14:16:42]  ----- END -----

[2020-12-10 14:17:07]  ----- BEGIN -----
[2020-12-10 14:17:07]  Old version 1.9.7
[2020-12-10 14:17:07]  Store plugin version 1.9.7
[2020-12-10 14:17:07]  ----- END -----

[2020-12-10 14:17:39]  ----- BEGIN -----
[2020-12-10 14:17:39]  Old version 1.9.7
[2020-12-10 14:17:39]  Store plugin version 1.9.7
[2020-12-10 14:17:40]  ----- END -----

[2020-12-10 14:19:56]  ----- BEGIN -----
[2020-12-10 14:19:56]  Old version 1.9.7
[2020-12-10 14:19:56]  Store plugin version 1.9.7
[2020-12-10 14:19:56]  ----- END -----

[2020-12-10 14:20:15]  ----- BEGIN -----
[2020-12-10 14:20:15]  Old version 1.9.7
[2020-12-10 14:20:15]  Store plugin version 1.9.7
[2020-12-10 14:20:15]  ----- END -----

[2020-12-10 14:23:54]  ----- BEGIN -----
[2020-12-10 14:23:54]  Old version 1.9.7
[2020-12-10 14:23:54]  Store plugin version 1.9.7
[2020-12-10 14:23:54]  ----- END -----

[2020-12-10 14:24:33]  ----- BEGIN -----
[2020-12-10 14:24:33]  Old version 1.9.7
[2020-12-10 14:24:33]  Store plugin version 1.9.7
[2020-12-10 14:24:33]  ----- END -----

[2020-12-10 14:30:59]  ----- BEGIN -----
[2020-12-10 14:30:59]  Old version 1.9.7
[2020-12-10 14:30:59]  Store plugin version 1.9.7
[2020-12-10 14:30:59]  ----- END -----

[2020-12-10 14:32:11]  ----- BEGIN -----
[2020-12-10 14:32:11]  Old version 1.9.7
[2020-12-10 14:32:11]  Store plugin version 1.9.7
[2020-12-10 14:32:11]  ----- END -----

[2020-12-10 19:31:19]  ----- BEGIN -----
[2020-12-10 19:31:19]  Old version 1.9.7
[2020-12-10 19:31:19]  Store plugin version 1.9.7
[2020-12-10 19:31:19]  ----- END -----

[2020-12-10 19:31:42]  ----- BEGIN -----
[2020-12-10 19:31:42]  Old version 1.9.7
[2020-12-10 19:31:42]  Store plugin version 1.9.7
[2020-12-10 19:31:42]  ----- END -----

[2020-12-10 19:32:26]  ----- BEGIN -----
[2020-12-10 19:32:26]  Old version 1.9.7
[2020-12-10 19:32:26]  Store plugin version 1.9.7
[2020-12-10 19:32:26]  ----- END -----

[2020-12-10 19:41:52]  ----- BEGIN -----
[2020-12-10 19:41:52]  Old version 1.9.7
[2020-12-10 19:41:52]  Store plugin version 1.9.7
[2020-12-10 19:41:52]  ----- END -----

[2020-12-10 19:42:04]  ----- BEGIN -----
[2020-12-10 19:42:04]  Old version 1.9.7
[2020-12-10 19:42:04]  Store plugin version 1.9.7
[2020-12-10 19:42:04]  ----- END -----

[2020-12-10 19:49:47]  ----- BEGIN -----
[2020-12-10 19:49:47]  Old version 1.9.7
[2020-12-10 19:49:47]  Store plugin version 1.9.7
[2020-12-10 19:49:48]  ----- END -----

[2020-12-18 16:43:31]  ----- BEGIN -----
[2020-12-18 16:43:31]  Old version 1.9.7
[2020-12-18 16:43:31]  Store plugin version 1.9.7
[2020-12-18 16:43:31]  ----- END -----

[2020-12-18 16:43:37]  ----- BEGIN -----
[2020-12-18 16:43:37]  Old version 1.9.7
[2020-12-18 16:43:37]  Store plugin version 1.9.7
[2020-12-18 16:43:37]  ----- END -----

[2020-12-18 20:52:21]  ----- BEGIN -----
[2020-12-18 20:52:21]  Old version 1.9.7
[2020-12-18 20:52:21]  Store plugin version 1.9.7
[2020-12-18 20:52:21]  ----- END -----

[2020-12-18 20:52:54]  ----- BEGIN -----
[2020-12-18 20:52:54]  Old version 1.9.7
[2020-12-18 20:52:54]  Store plugin version 1.9.7
[2020-12-18 20:52:54]  ----- END -----

[2020-12-18 20:58:45]  ----- BEGIN -----
[2020-12-18 20:58:45]  Old version 1.9.7
[2020-12-18 20:58:45]  Store plugin version 1.9.7
[2020-12-18 20:58:45]  ----- END -----

[2020-12-18 20:58:56]  ----- BEGIN -----
[2020-12-18 20:58:56]  Old version 1.9.7
[2020-12-18 20:58:56]  Store plugin version 1.9.7
[2020-12-18 20:58:56]  ----- END -----

[2020-12-18 21:04:40]  ----- BEGIN -----
[2020-12-18 21:04:40]  Old version 1.9.7
[2020-12-18 21:04:40]  Store plugin version 1.9.7
[2020-12-18 21:04:40]  ----- END -----

[2020-12-18 21:05:26]  ----- BEGIN -----
[2020-12-18 21:05:26]  Old version 1.9.7
[2020-12-18 21:05:26]  Store plugin version 1.9.7
[2020-12-18 21:05:26]  ----- END -----

[2020-12-18 21:42:45]  ----- BEGIN -----
[2020-12-18 21:42:45]  Old version 1.9.7
[2020-12-18 21:42:45]  Store plugin version 1.9.7
[2020-12-18 21:42:45]  ----- END -----

[2020-12-18 21:42:57]  ----- BEGIN -----
[2020-12-18 21:42:57]  Old version 1.9.7
[2020-12-18 21:42:57]  Store plugin version 1.9.7
[2020-12-18 21:42:57]  ----- END -----

[2020-12-18 21:45:59]  ----- BEGIN -----
[2020-12-18 21:45:59]  Old version 1.9.7
[2020-12-18 21:45:59]  Store plugin version 1.9.7
[2020-12-18 21:45:59]  ----- END -----

[2020-12-18 21:52:25]  ----- BEGIN -----
[2020-12-18 21:52:25]  Old version 1.9.7
[2020-12-18 21:52:25]  Store plugin version 1.9.7
[2020-12-18 21:52:25]  ----- END -----

[2020-12-18 21:52:28]  ----- BEGIN -----
[2020-12-18 21:52:28]  Old version 1.9.7
[2020-12-18 21:52:28]  Store plugin version 1.9.7
[2020-12-18 21:52:28]  ----- END -----

[2020-12-18 21:54:29]  ----- BEGIN -----
[2020-12-18 21:54:29]  Old version 1.9.7
[2020-12-18 21:54:29]  Store plugin version 1.9.7
[2020-12-18 21:54:29]  ----- END -----

[2020-12-18 22:00:04]  ----- BEGIN -----
[2020-12-18 22:00:04]  Old version 1.9.7
[2020-12-18 22:00:04]  Store plugin version 1.9.7
[2020-12-18 22:00:04]  ----- END -----

[2020-12-18 22:11:47]  ----- BEGIN -----
[2020-12-18 22:11:47]  Old version 1.9.7
[2020-12-18 22:11:47]  Store plugin version 1.9.7
[2020-12-18 22:11:47]  ----- END -----

[2020-12-18 22:11:49]  ----- BEGIN -----
[2020-12-18 22:11:49]  Old version 1.9.7
[2020-12-18 22:11:49]  Store plugin version 1.9.7
[2020-12-18 22:11:49]  ----- END -----

[2020-12-18 22:12:46]  ----- BEGIN -----
[2020-12-18 22:12:46]  Old version 1.9.7
[2020-12-18 22:12:46]  Store plugin version 1.9.7
[2020-12-18 22:12:46]  ----- END -----

[2020-12-18 22:12:49]  ----- BEGIN -----
[2020-12-18 22:12:49]  Old version 1.9.7
[2020-12-18 22:12:49]  Store plugin version 1.9.7
[2020-12-18 22:12:49]  ----- END -----

[2020-12-31 15:27:46]  ----- BEGIN -----
[2020-12-31 15:27:46]  Old version 1.9.7
[2020-12-31 15:27:46]  Store plugin version 1.9.7
[2020-12-31 15:27:46]  ----- END -----

[2020-12-31 15:27:52]  ----- BEGIN -----
[2020-12-31 15:27:52]  Old version 1.9.7
[2020-12-31 15:27:52]  Store plugin version 1.9.7
[2020-12-31 15:27:52]  ----- END -----

[2020-12-31 15:28:42]  ----- BEGIN -----
[2020-12-31 15:28:42]  Old version 1.9.7
[2020-12-31 15:28:42]  Store plugin version 1.9.7
[2020-12-31 15:28:42]  ----- END -----

[2021-03-01 15:51:33]  ----- BEGIN -----
[2021-03-01 15:51:33]  Old version 1.9.7
[2021-03-01 15:51:34]  Store plugin version 1.9.7
[2021-03-01 15:51:34]  ----- END -----

[2021-03-01 15:51:56]  ----- BEGIN -----
[2021-03-01 15:51:56]  Old version 1.9.7
[2021-03-01 15:51:56]  Store plugin version 1.9.7
[2021-03-01 15:51:56]  ----- END -----

[2021-03-01 15:53:15]  ----- BEGIN -----
[2021-03-01 15:53:15]  Old version 1.9.7
[2021-03-01 15:53:15]  Store plugin version 1.9.7
[2021-03-01 15:53:15]  ----- END -----

[2021-03-01 15:54:07]  ----- BEGIN -----
[2021-03-01 15:54:07]  Old version 1.9.7
[2021-03-01 15:54:07]  Store plugin version 1.9.7
[2021-03-01 15:54:07]  ----- END -----

[2021-03-01 15:54:20]  ----- BEGIN -----
[2021-03-01 15:54:20]  Old version 1.9.7
[2021-03-01 15:54:20]  Store plugin version 1.9.7
[2021-03-01 15:54:20]  ----- END -----

[2021-03-01 15:55:50]  ----- BEGIN -----
[2021-03-01 15:55:50]  Old version 1.9.7
[2021-03-01 15:55:50]  Store plugin version 1.9.7
[2021-03-01 15:55:50]  ----- END -----

[2021-03-01 15:56:13]  ----- BEGIN -----
[2021-03-01 15:56:13]  Old version 1.9.7
[2021-03-01 15:56:13]  Store plugin version 1.9.7
[2021-03-01 15:56:13]  ----- END -----

[2021-03-01 15:57:59]  ----- BEGIN -----
[2021-03-01 15:57:59]  Old version 1.9.7
[2021-03-01 15:57:59]  Store plugin version 1.9.7
[2021-03-01 15:57:59]  ----- END -----

[2021-03-01 15:58:51]  ----- BEGIN -----
[2021-03-01 15:58:51]  Old version 1.9.7
[2021-03-01 15:58:51]  Store plugin version 1.9.7
[2021-03-01 15:58:51]  ----- END -----

[2021-04-08 15:12:47]  ----- BEGIN -----
[2021-04-08 15:12:48]  Old version 1.9.7
[2021-04-08 15:12:49]  Store plugin version 1.9.7
[2021-04-08 15:12:49]  ----- END -----

[2021-04-08 15:13:04]  ----- BEGIN -----
[2021-04-08 15:13:04]  Old version 1.9.7
[2021-04-08 15:13:04]  Store plugin version 1.9.7
[2021-04-08 15:13:04]  ----- END -----

[2021-04-08 15:13:06]  ----- BEGIN -----
[2021-04-08 15:13:06]  Old version 1.9.7
[2021-04-08 15:13:06]  Store plugin version 1.9.7
[2021-04-08 15:13:06]  ----- END -----

[2021-04-08 15:13:26]  ----- BEGIN -----
[2021-04-08 15:13:26]  Old version 1.9.7
[2021-04-08 15:13:26]  Store plugin version 1.9.7
[2021-04-08 15:13:26]  ----- END -----

[2021-04-08 15:13:44]  ----- BEGIN -----
[2021-04-08 15:13:44]  Old version 1.9.7
[2021-04-08 15:13:44]  Store plugin version 1.9.7
[2021-04-08 15:13:44]  ----- END -----

[2021-04-08 15:13:51]  ----- BEGIN -----
[2021-04-08 15:13:51]  Old version 1.9.7
[2021-04-08 15:13:51]  Store plugin version 1.9.7
[2021-04-08 15:13:51]  ----- END -----

[2021-04-08 15:15:12]  ----- BEGIN -----
[2021-04-08 15:15:12]  Old version 1.9.7
[2021-04-08 15:15:12]  Store plugin version 1.9.7
[2021-04-08 15:15:12]  ----- END -----

[2021-04-08 15:15:41]  ----- BEGIN -----
[2021-04-08 15:15:41]  Old version 1.9.7
[2021-04-08 15:15:41]  Store plugin version 1.9.7
[2021-04-08 15:15:41]  ----- END -----

[2021-04-08 15:16:20]  ----- BEGIN -----
[2021-04-08 15:16:20]  Old version 1.9.7
[2021-04-08 15:16:20]  Store plugin version 1.9.7
[2021-04-08 15:16:20]  ----- END -----

[2021-04-08 15:17:21]  ----- BEGIN -----
[2021-04-08 15:17:21]  Old version 1.9.7
[2021-04-08 15:17:21]  Store plugin version 1.9.7
[2021-04-08 15:17:21]  ----- END -----

[2021-04-08 15:18:29]  ----- BEGIN -----
[2021-04-08 15:18:29]  Old version 1.9.7
[2021-04-08 15:18:29]  Store plugin version 1.9.7
[2021-04-08 15:18:29]  ----- END -----

[2021-04-11 14:37:24]  ----- BEGIN -----
[2021-04-11 14:37:24]  Old version 1.9.7
[2021-04-11 14:37:24]  Store plugin version 1.9.7
[2021-04-11 14:37:24]  ----- END -----

[2021-04-11 14:38:15]  ----- BEGIN -----
[2021-04-11 14:38:15]  Old version 1.9.7
[2021-04-11 14:38:15]  Store plugin version 1.9.7
[2021-04-11 14:38:15]  ----- END -----

[2021-04-11 14:41:58]  ----- BEGIN -----
[2021-04-11 14:41:58]  Old version 1.9.7
[2021-04-11 14:41:58]  Store plugin version 1.9.7
[2021-04-11 14:41:58]  ----- END -----

[2021-04-11 14:43:27]  ----- BEGIN -----
[2021-04-11 14:43:27]  Old version 1.9.7
[2021-04-11 14:43:27]  Store plugin version 1.9.7
[2021-04-11 14:43:27]  ----- END -----

[2021-04-11 14:43:48]  ----- BEGIN -----
[2021-04-11 14:43:48]  Old version 1.9.7
[2021-04-11 14:43:48]  Store plugin version 1.9.7
[2021-04-11 14:43:48]  ----- END -----

[2021-04-11 14:44:04]  ----- BEGIN -----
[2021-04-11 14:44:04]  Old version 1.9.7
[2021-04-11 14:44:04]  Store plugin version 1.9.7
[2021-04-11 14:44:04]  ----- END -----

[2021-04-18 20:29:17]  ----- BEGIN -----
[2021-04-18 20:29:17]  Old version 1.9.7
[2021-04-18 20:29:17]  Store plugin version 1.9.7
[2021-04-18 20:29:17]  ----- END -----

[2021-04-18 20:29:35]  ----- BEGIN -----
[2021-04-18 20:29:35]  Old version 1.9.7
[2021-04-18 20:29:35]  Store plugin version 1.9.7
[2021-04-18 20:29:35]  ----- END -----

[2021-04-23 14:36:30]  ----- BEGIN -----
[2021-04-23 14:36:30]  Old version 1.9.7
[2021-04-23 14:36:31]  Store plugin version 1.9.7
[2021-04-23 14:36:31]  ----- END -----

[2021-04-23 14:36:50]  ----- BEGIN -----
[2021-04-23 14:36:50]  Old version 1.9.7
[2021-04-23 14:36:50]  Store plugin version 1.9.7
[2021-04-23 14:36:50]  ----- END -----

[2021-06-08 14:29:07]  ----- BEGIN -----
[2021-06-08 14:29:07]  Old version 1.9.7
[2021-06-08 14:29:07]  Store plugin version 1.9.7
[2021-06-08 14:29:07]  ----- END -----

[2021-06-08 14:29:38]  ----- BEGIN -----
[2021-06-08 14:29:38]  Old version 1.9.7
[2021-06-08 14:29:38]  Store plugin version 1.9.7
[2021-06-08 14:29:38]  ----- END -----

[2021-07-27 04:44:19]  ----- BEGIN -----
[2021-07-27 04:44:19]  Old version 1.9.7
[2021-07-27 04:44:19]  Store plugin version 1.9.7
[2021-07-27 04:44:19]  ----- END -----

[2021-07-27 04:44:21]  ----- BEGIN -----
[2021-07-27 04:44:21]  Old version 1.9.7
[2021-07-27 04:44:21]  Store plugin version 1.9.7
[2021-07-27 04:44:21]  ----- END -----

[2021-07-27 04:44:54]  ----- BEGIN -----
[2021-07-27 04:44:54]  Old version 1.9.7
[2021-07-27 04:44:54]  Store plugin version 1.9.7
[2021-07-27 04:44:54]  ----- END -----

[2021-07-27 04:44:56]  ----- BEGIN -----
[2021-07-27 04:44:56]  Old version 1.9.7
[2021-07-27 04:44:56]  Store plugin version 1.9.7
[2021-07-27 04:44:56]  ----- END -----

[2021-07-27 04:45:04]  ----- BEGIN -----
[2021-07-27 04:45:04]  Old version 1.9.7
[2021-07-27 04:45:04]  Store plugin version 1.9.7
[2021-07-27 04:45:04]  ----- END -----

[2021-07-27 04:45:05]  ----- BEGIN -----
[2021-07-27 04:45:05]  Old version 1.9.7
[2021-07-27 04:45:05]  Store plugin version 1.9.7
[2021-07-27 04:45:05]  ----- END -----

[2021-07-27 04:46:36]  ----- BEGIN -----
[2021-07-27 04:46:36]  Old version 1.9.7
[2021-07-27 04:46:36]  Store plugin version 1.9.7
[2021-07-27 04:46:36]  ----- END -----

[2021-07-27 04:46:50]  ----- BEGIN -----
[2021-07-27 04:46:50]  Old version 1.9.7
[2021-07-27 04:46:50]  Store plugin version 1.9.7
[2021-07-27 04:46:50]  ----- END -----

[2021-07-27 04:50:37]  ----- BEGIN -----
[2021-07-27 04:50:37]  Old version 1.9.7
[2021-07-27 04:50:37]  Store plugin version 1.9.7
[2021-07-27 04:50:37]  ----- END -----

[2022-01-03 18:11:47]  ----- BEGIN -----
[2022-01-03 18:11:47]  Old version 1.9.7
[2022-01-03 18:11:47]  Store plugin version 1.9.7
[2022-01-03 18:11:47]  ----- END -----

[2022-01-03 18:11:50]  ----- BEGIN -----
[2022-01-03 18:11:50]  Old version 1.9.7
[2022-01-03 18:11:50]  Store plugin version 1.9.7
[2022-01-03 18:11:50]  ----- END -----

[2022-01-03 18:11:54]  ----- BEGIN -----
[2022-01-03 18:11:54]  Old version 1.9.7
[2022-01-03 18:11:54]  Store plugin version 1.9.7
[2022-01-03 18:11:54]  ----- END -----

[2022-01-03 18:12:04]  ----- BEGIN -----
[2022-01-03 18:12:04]  Old version 1.9.7
[2022-01-03 18:12:04]  Store plugin version 1.9.7
[2022-01-03 18:12:04]  ----- END -----

[2022-01-03 18:12:05]  ----- BEGIN -----
[2022-01-03 18:12:05]  Old version 1.9.7
[2022-01-03 18:12:05]  Store plugin version 1.9.7
[2022-01-03 18:12:05]  ----- END -----

[2022-01-03 18:13:33]  ----- BEGIN -----
[2022-01-03 18:13:33]  Old version 1.9.7
[2022-01-03 18:13:33]  Store plugin version 1.9.7
[2022-01-03 18:13:33]  ----- END -----

[2022-01-03 18:13:49]  ----- BEGIN -----
[2022-01-03 18:13:49]  Old version 1.9.7
[2022-01-03 18:13:49]  Store plugin version 1.9.7
[2022-01-03 18:13:49]  ----- END -----

[2022-01-03 20:48:23]  ----- BEGIN -----
[2022-01-03 20:48:23]  Old version 1.9.7
[2022-01-03 20:48:23]  Store plugin version 1.9.7
[2022-01-03 20:48:23]  ----- END -----

[2022-01-03 20:48:42]  ----- BEGIN -----
[2022-01-03 20:48:42]  Old version 1.9.7
[2022-01-03 20:48:42]  Store plugin version 1.9.7
[2022-01-03 20:48:42]  ----- END -----

[2022-01-03 20:50:53]  ----- BEGIN -----
[2022-01-03 20:50:53]  Old version 1.9.7
[2022-01-03 20:50:53]  Store plugin version 1.9.7
[2022-01-03 20:50:53]  ----- END -----

[2022-01-03 20:51:17]  ----- BEGIN -----
[2022-01-03 20:51:17]  Old version 1.9.7
[2022-01-03 20:51:17]  Store plugin version 1.9.7
[2022-01-03 20:51:17]  ----- END -----

